<?xml version="1.0" encoding="UTF-8"?>
<testsuite xmlns:xsi="http://www.w3.org/2001/XMLSchema-instance" xsi:noNamespaceSchemaLocation="https://maven.apache.org/surefire/maven-surefire-plugin/xsd/surefire-test-report-3.0.xsd" version="3.0" name="org.virosms.lectorversomicro.LectorversoMicroApplicationTests" time="6.158" tests="1" errors="0" skipped="0" failures="0">
  <properties>
[...]
</properties>
  <testcase name="contextLoads" classname="org.virosms.lectorversomicro.LectorversoMicroApplicationTests" time="0.466">
    <system-out><![CDATA[19:33:50.636 [main] INFO org.springframework.test.context.support.AnnotationConfigContextLoaderUtils -- Could not detect default configuration classes for test class [org.virosms.lectorversomicro.LectorversoMicroApplicationTests]: LectorversoMicroApplicationTests does not declare any static, non-private, non-final, nested classes annotated with @Configuration.
19:33:50.762 [main] INFO org.springframework.boot.test.context.SpringBootTestContextBootstrapper -- Found @SpringBootConfiguration org.virosms.lectorversomicro.LectorversoMicroApplication for test class org.virosms.lectorversomicro.LectorversoMicroApplicationTests
19:33:50.933 [main] INFO org.springframework.boot.devtools.restart.RestartApplicationListener -- Restart disabled due to context in which it is running

  .   ____          _            __ _ _
 /\\ / ___'_ __ _ _(_)_ __  __ _ \ \ \ \
( ( )\___ | '_ | '_| | '_ \/ _` | \ \ \ \
 \\/  ___)| |_)| | | | | || (_| |  ) ) ) )
  '  |____| .__|_| |_|_| |_\__, | / / / /
 =========|_|==============|___/=/_/_/_/
 :: Spring Boot ::                (v3.2.5)

2024-05-23T19:33:51.170+02:00  INFO 25984 --- [lectorverso-micro] [           main] c.a.s.p.s.AwsSpringWebRuntimeInitializer : AWS Environment: {PATH=C:\Program Files\Java\jdk-21\bin;C:\Program Files\Common Files\Oracle\Java\javapath;C:\Windows\system32;C:\Windows;C:\Windows\System32\Wbem;C:\Windows\System32\WindowsPowerShell\v1.0\;C:\Windows\System32\OpenSSH\;C:\Program Files (x86)\NVIDIA Corporation\PhysX\Common;C:\Program Files\maven\apache-maven-3.9.5\bin;C:\Users\Charl\AppData\Roaming\nvm;C:\Program Files\nodejs;C:\ProgramData\chocolatey\bin;C:\Program Files (x86)\Windows Kits\10\Windows Performance Toolkit\;C:\Program Files\NVIDIA Corporation\NVIDIA App\NvDLISR;C:\Program Files\Docker\Docker\resources\bin;C:\Program Files\PowerShell\7\;C:\Program Files\Git\cmd;C:\Program Files\Amazon\AWSSAMCLI\bin\;C:\Users\Charl\.console-ninja\.bin;C:\Program Files\MySQL\MySQL Shell 8.2\bin\;C:\Program Files\MySQL\MySQL Shell 8.0\bin\;C:\Users\Charl\AppData\Local\Microsoft\WindowsApps;C:\Users\Charl\AppData\Local\Programs\Microsoft VS Code\bin;C:\Users\Charl\AppData\Local\GitHubDesktop\bin;C:\src\flutter\bin;C:\tools\dart-sdk\bin;C:\Users\Charl\AppData\Roaming\npm;C:\Users\Charl\AppData\Local\JetBrains\Toolbox\scripts;C:\Users\Charl\AppData\Local\Pub\Cache\bin, USERDOMAIN_ROAMINGPROFILE=NAGHAMI, NVM_SYMLINK=C:\Program Files\nodejs, PROCESSOR_LEVEL=23, SYSTEMDRIVE=C:, SESSIONNAME=Console, ALLUSERSPROFILE=C:\ProgramData, PROCESSOR_ARCHITECTURE=AMD64, ANDROID_HOME=C:\Users\Charl\AppData\Local\Android\Sdk, DRIVERDATA=C:\Windows\System32\Drivers\DriverData, MAVEN_HOME=C:\Program Files\maven\apache-maven-3.9.5, PROGRAMFILES=C:\Program Files, PSMODULEPATH=D:\Documentos\WindowsPowerShell\Modules;C:\Program Files\WindowsPowerShell\Modules;C:\Windows\system32\WindowsPowerShell\v1.0\Modules, PROGRAMDATA=C:\ProgramData, CHOCOLATEYLASTPATHUPDATE=133510302489139396, USERNAME=Charl, TOOLBOX_VERSION=2.3.1.31116, WDIR=C:\, ONEDRIVE=C:\Users\Charl\OneDrive, PATHEXT=.COM;.EXE;.BAT;.CMD;.VBS;.VBE;.JS;.JSE;.WSF;.WSH;.MSC;.CPL, CLASSWORLDS_JAR="C:\Program Files\maven\apache-maven-3.9.5\boot\plexus-classworlds-2.7.0.jar", WINDIR=C:\Windows, HOMEPATH=\Users\Charl, TERM_SESSION_ID=606a9390-d233-4b30-8e91-3f7c83c4fd68, PROCESSOR_IDENTIFIER=AMD64 Family 23 Model 113 Stepping 0, AuthenticAMD, POWERSHELL_DISTRIBUTION_CHANNEL=MSI:Windows 10 Pro, PUBLIC=C:\Users\Public, PSEXECUTIONPOLICYPREFERENCE=Bypass, LOCALAPPDATA=C:\Users\Charl\AppData\Local, COMMONPROGRAMFILES(X86)=C:\Program Files (x86)\Common Files, USERDOMAIN=NAGHAMI, LOGONSERVER=\\NAGHAMI, JAVA_HOME=C:\Program Files\Java\jdk-21, PROMPT=$P$G, PROGRAMFILES(X86)=C:\Program Files (x86), JETBRAINS_INTELLIJ_COMMAND_END_MARKER=SXBNgJMMbFZNx5KEs4aV9vkoVPp4doXkdB1huzbAm20XqXdxIFBsbxfQMn9iUVnb, CHOCOLATEYTOOLSLOCATION=C:\tools, ERROR_CODE=0, EXEC_DIR=C:\Users\Charl\IdeaProjects\lectorverso-micro, =C:=C:\Users\Charl\IdeaProjects\lectorverso-micro, APPDATA=C:\Users\Charl\AppData\Roaming, PROGRAMW6432=C:\Program Files, SYSTEMROOT=C:\Windows, CHOCOLATEYINSTALL=C:\ProgramData\chocolatey, MAVEN_CMD_LINE_ARGS=clean package, VBOX_MSI_INSTALL_PATH=C:\Program Files\Oracle\VirtualBox\, OS=Windows_NT, COMMONPROGRAMW6432=C:\Program Files\Common Files, COMPUTERNAME=NAGHAMI, COMMONPROGRAMFILES=C:\Program Files\Common Files, COMSPEC=C:\Windows\system32\cmd.exe, JAVACMD=C:\Program Files\Java\jdk-21\bin\java.exe, MAVEN_PROJECTBASEDIR=C:\Users\Charl\IdeaProjects\lectorverso-micro, NVM_HOME=C:\Users\Charl\AppData\Roaming\nvm, PROCESSOR_REVISION=7100, CLASSWORLDS_LAUNCHER=org.codehaus.plexus.classworlds.launcher.Launcher, TERMINAL_EMULATOR=JetBrains-JediTerm, TEMP=C:\Users\Charl\AppData\Local\Temp, HOMEDRIVE=C:, USERPROFILE=C:\Users\Charl, TMP=C:\Users\Charl\AppData\Local\Temp, NUMBER_OF_PROCESSORS=6, JVMCONFIG=\.mvn\jvm.config, IDEA_INITIAL_DIRECTORY=C:\Users\Charl\AppData\Local\Programs\IntelliJ IDEA Ultimate\bin}
2024-05-23T19:33:51.175+02:00  INFO 25984 --- [lectorverso-micro] [           main] o.v.l.LectorversoMicroApplicationTests   : Starting LectorversoMicroApplicationTests using Java 21.0.3 with PID 25984 (started by Charl in C:\Users\Charl\IdeaProjects\lectorverso-micro)
2024-05-23T19:33:51.175+02:00  INFO 25984 --- [lectorverso-micro] [           main] o.v.l.LectorversoMicroApplicationTests   : No active profile set, falling back to 1 default profile: "default"
2024-05-23T19:33:51.868+02:00  INFO 25984 --- [lectorverso-micro] [           main] .s.d.r.c.RepositoryConfigurationDelegate : Bootstrapping Spring Data JPA repositories in DEFAULT mode.
2024-05-23T19:33:51.931+02:00  INFO 25984 --- [lectorverso-micro] [           main] .s.d.r.c.RepositoryConfigurationDelegate : Finished Spring Data repository scanning in 53 ms. Found 1 JPA repository interface.
2024-05-23T19:33:52.346+02:00  INFO 25984 --- [lectorverso-micro] [           main] com.zaxxer.hikari.HikariDataSource       : HikariPool-1 - Starting...
2024-05-23T19:33:53.731+02:00  INFO 25984 --- [lectorverso-micro] [           main] com.zaxxer.hikari.pool.HikariPool        : HikariPool-1 - Added connection org.postgresql.jdbc.PgConnection@329dc214
2024-05-23T19:33:53.733+02:00  INFO 25984 --- [lectorverso-micro] [           main] com.zaxxer.hikari.HikariDataSource       : HikariPool-1 - Start completed.
2024-05-23T19:33:53.776+02:00  INFO 25984 --- [lectorverso-micro] [           main] o.hibernate.jpa.internal.util.LogHelper  : HHH000204: Processing PersistenceUnitInfo [name: default]
2024-05-23T19:33:53.839+02:00  INFO 25984 --- [lectorverso-micro] [           main] org.hibernate.Version                    : HHH000412: Hibernate ORM core version 6.4.4.Final
2024-05-23T19:33:53.878+02:00  INFO 25984 --- [lectorverso-micro] [           main] o.h.c.internal.RegionFactoryInitiator    : HHH000026: Second-level cache disabled
2024-05-23T19:33:54.119+02:00  INFO 25984 --- [lectorverso-micro] [           main] o.s.o.j.p.SpringPersistenceUnitInfo      : No LoadTimeWeaver setup: ignoring JPA class transformer
2024-05-23T19:33:54.273+02:00  WARN 25984 --- [lectorverso-micro] [           main] org.hibernate.orm.deprecation            : HHH90000025: PostgreSQLDialect does not need to be specified explicitly using 'hibernate.dialect' (remove the property setting and it will be selected by default)
2024-05-23T19:33:55.242+02:00  INFO 25984 --- [lectorverso-micro] [           main] o.h.e.t.j.p.i.JtaPlatformInitiator       : HHH000489: No JTA platform available (set 'hibernate.transaction.jta.platform' to enable JTA platform integration)
2024-05-23T19:33:55.244+02:00  INFO 25984 --- [lectorverso-micro] [           main] j.LocalContainerEntityManagerFactoryBean : Initialized JPA EntityManagerFactory for persistence unit 'default'
2024-05-23T19:33:55.651+02:00  WARN 25984 --- [lectorverso-micro] [           main] JpaBaseConfiguration$JpaWebConfiguration : spring.jpa.open-in-view is enabled by default. Therefore, database queries may be performed during view rendering. Explicitly configure spring.jpa.open-in-view to disable this warning
2024-05-23T19:33:56.132+02:00  INFO 25984 --- [lectorverso-micro] [           main] o.v.l.LectorversoMicroApplicationTests   : Started LectorversoMicroApplicationTests in 5.211 seconds (process running for 6.259)
]]></system-out>
    <system-err><![CDATA[WARNING: A Java agent has been loaded dynamically (C:\Users\Charl\.m2\repository\net\bytebuddy\byte-buddy-agent\1.14.13\byte-buddy-agent-1.14.13.jar)
WARNING: If a serviceability tool is in use, please run with -XX:+EnableDynamicAgentLoading to hide this warning
WARNING: If a serviceability tool is not in use, please run with -Djdk.instrument.traceUsage for more information
WARNING: Dynamic loading of agents will be disallowed by default in a future release
]]></system-err>
  </testcase>
</testsuite>